Info: Using NativeLink to launch synthesis Tool
Info: Created script file precision_work/precision_compile.tcl -- launching Precision Synthesis synthesis tool
Error: Can't launch the Precision RTL Synthesis software. Specify the path to the location of the executables for the Precision RTL Synthesis software
Error: You can specify the path in the EDA Tool Options page of the Options dialog box or using the Tcl command set_user_option.
Error: Encountered error while running NativeLink synthesis script
Error: NativeLink flow failed to complete synthesis

================The following information is provided to Debug NativeLink Script=================
Nativelink TCL script failed with errorCode:  NONE
Nativelink TCL script failed with errorInfo:  
    while executing
"error ""  """
    invoked from within
"if [ catch {create_precision_script $output_dir} script_file  ] {
	    set savedCode $errorCode
	    set savedInfo $errorInfo
	    nl_postmsg error "E..."
    (procedure "launch_precision" line 35)
    invoked from within
"launch_precision "
PATH Environment Variable is set to :  c:\intelfpga_lite\17.0\quartus\bin64\;c:\intelfpga_lite\17.0\quartus\bin64\;C:\ProgramData\Oracle\Java\javapath;C:\Program Files\Microsoft MPI\Bin\;C:\Windows\system32;C:\Windows;C:\Windows\System32\Wbem;C:\Windows\System32\WindowsPowerShell\v1.0\;C:\Program Files (x86)\NVIDIA Corporation\PhysX\Common;C:\Program Files\Git\cmd;C:\Program Files\MATLAB\R2017a\runtime\win64;C:\Program Files\MATLAB\R2017a\bin;C:\Program Files\PuTTY\;C:\Program Files (x86)\QuickTime\QTSystem\;C:\Users\Methos\AppData\Local\Microsoft\WindowsApps;;C:\intelFPGA_lite\17.0\modelsim_ase\win32aloem;C:\intelFPGA_lite\17.0\modelsim_ae\win32aloem;C:\Program Files\Microsoft VS Code\bin;C:\altera\13.0sp1\modelsim_ase\win32aloem
